<?xml version="1.0" encoding="UTF-8"?>
<!-- Generated by org.testng.reporters.JUnitXMLReporter -->
<testsuite hostname="LAPTOP-8MGRSLMF" name="Default test" tests="3" failures="0" timestamp="9 Apr 2019 10:12:56 GMT" time="0.095" errors="0">
  <testcase name="testCase1" time="0.012" classname="com.annotations.Annot"/>
  <testcase name="testCase2" time="0.002" classname="com.annotations.Annot"/>
  <testcase name="testCase3" time="0.003" classname="com.annotations.Annot"/>
</testsuite> <!-- Default test -->
