<?xml version="1.0" encoding="UTF-8"?>
<!-- Generated by org.testng.reporters.JUnitXMLReporter -->
<testsuite hostname="DESKTOP-S2E0FKK" ignored="0" name="Test" tests="46" failures="2" timestamp="26 Mar 2019 04:55:28 GMT" time="1.74" errors="0">
  <testcase name="testCase1" time="0.026" classname="com.annotations.Annot"/>
  <testcase name="testCase2" time="0.003" classname="com.annotations.Annot"/>
  <testcase name="testCase3" time="0.007" classname="com.annotations.Annot"/>
  <testcase name="testCase1" time="0.049" classname="com.annotations.OneMoreAssertion">
    <failure type="java.lang.AssertionError" message="The following asserts failed:
	strings are mis-matching">
      <![CDATA[java.lang.AssertionError: The following asserts failed:
strings are mis-matching
at com.annotations.OneMoreAssertion.testCase1(OneMoreAssertion.java:18)
... Removed 26 stack frames]]>
    </failure>
  </testcase> <!-- testCase1 -->
  <testcase name="testCase1" time="0.007" classname="com.annotations.HardAssertExample"/>
  <testcase name="testCase1" time="0.001" classname="com.test.FetchdataFromDatapool"/>
  <testcase name="testCase1" time="0.002" classname="com.test.FetchdataFromDatapool"/>
  <testcase name="testCase1" time="0.002" classname="com.test.FetchdataFromDatapool"/>
  <testcase name="testCase1" time="0.003" classname="com.test.FetchdataFromDatapool"/>
  <testcase name="testCase1" time="0.002" classname="com.test.FetchdataFromDatapool"/>
  <testcase name="testCase1" time="0.003" classname="com.test.FetchdataFromDatapool"/>
  <testcase name="testCase1" time="0.002" classname="com.test.FetchdataFromDatapool"/>
  <testcase name="testCase1" time="0.002" classname="com.test.FetchdataFromDatapool"/>
  <testcase name="testCase1" time="0.003" classname="com.test.FetchdataFromDatapool"/>
  <testcase name="testCase1" time="0.003" classname="com.test.FetchdataFromDatapool"/>
  <testcase name="testCase1" time="0.007" classname="com.test.FetchdataFromDatapool"/>
  <testcase name="testCase1" time="0.002" classname="com.test.FetchdataFromDatapool"/>
  <testcase name="testCase1" time="0.002" classname="com.test.FetchdataFromDatapool"/>
  <testcase name="testCase1" time="0.001" classname="com.test.FetchdataFromDatapool"/>
  <testcase name="testCase1" time="0.001" classname="com.test.FetchdataFromDatapool"/>
  <testcase name="testCase1" time="0.003" classname="com.test.FetchdataFromDatapool"/>
  <testcase name="testCase1" time="0.002" classname="com.annotations.ParamWithExcel"/>
  <testcase name="testCase1" time="0.002" classname="com.annotations.ParamWithExcel"/>
  <testcase name="testCase1" time="0.003" classname="com.annotations.ParamWithExcel"/>
  <testcase name="testCase1" time="0.001" classname="com.annotations.FetchdataFromDatapool"/>
  <testcase name="testCase1" time="0.002" classname="com.annotations.FetchdataFromDatapool"/>
  <testcase name="testCase1" time="0.001" classname="com.annotations.FetchdataFromDatapool"/>
  <testcase name="testCase1" time="0.002" classname="com.annotations.FetchdataFromDatapool"/>
  <testcase name="testCase1" time="0.003" classname="com.annotations.FetchdataFromDatapool"/>
  <testcase name="testCase1" time="0.001" classname="com.annotations.FetchdataFromDatapool"/>
  <testcase name="testCase1" time="0.001" classname="com.annotations.FetchdataFromDatapool"/>
  <testcase name="testCase1" time="0.006" classname="com.annotations.FetchdataFromDatapool"/>
  <testcase name="testCase1" time="0.044" classname="com.annotations.FetchdataFromDatapool"/>
  <testcase name="testCase1" time="0.003" classname="com.annotations.FetchdataFromDatapool"/>
  <testcase name="testCase1" time="0.005" classname="com.annotations.FetchdataFromDatapool"/>
  <testcase name="testCase1" time="0.003" classname="com.annotations.FetchdataFromDatapool"/>
  <testcase name="testCase1" time="0.003" classname="com.annotations.FetchdataFromDatapool"/>
  <testcase name="testCase1" time="0.002" classname="com.annotations.FetchdataFromDatapool"/>
  <testcase name="testCase1" time="0.001" classname="com.annotations.FetchdataFromDatapool"/>
  <testcase name="testCase1" time="0.003" classname="com.annotations.FetchdataFromDatapool"/>
  <testcase name="workWithEx" time="0.133" classname="com.annotations.WorkWithExcel"/>
  <testcase name="testCase1" time="0.002" classname="com.annotations.Param"/>
  <testcase name="testCase1" time="0.001" classname="com.annotations.Param"/>
  <testcase name="testCase1" time="0.001" classname="com.annotations.Param"/>
  <testcase name="testCase1" time="0.019" classname="com.annotations.SoftAssertExample">
    <failure type="java.lang.AssertionError" message="The following asserts failed:
	comparing number of links expected [10] but found [12],
	comparing two strngs... expected [Bengaluru] but found [Bangalore]">
      <![CDATA[java.lang.AssertionError: The following asserts failed:
comparing number of links expected [10] but found [12],
comparing two strngs... expected [Bengaluru] but found [Bangalore]
at com.annotations.SoftAssertExample.testCase1(SoftAssertExample.java:18)
... Removed 26 stack frames]]>
    </failure>
  </testcase> <!-- testCase1 -->
  <testcase name="login" time="0.008" classname="com.annotations.DependencyExample"/>
</testsuite> <!-- Test -->
